<?xml version="1.0" encoding="UTF-8"?>
<testsuite xmlns:xsi="http://www.w3.org/2001/XMLSchema-instance" xsi:noNamespaceSchemaLocation="https://maven.apache.org/surefire/maven-surefire-plugin/xsd/surefire-test-report.xsd" version="3.0.2" name="com.jt.expense_tracker.ExpenseTrackerApplicationTests" time="10.755" tests="1" errors="0" skipped="0" failures="0" flakes="0">
  <properties>
[...]
</properties>
  <testcase name="contextLoads" classname="com.jt.expense_tracker.ExpenseTrackerApplicationTests" time="1.595">
    <system-out><![CDATA[19:57:29.893 [main] INFO org.springframework.test.context.support.AnnotationConfigContextLoaderUtils -- Could not detect default configuration classes for test class [com.jt.expense_tracker.ExpenseTrackerApplicationTests]: ExpenseTrackerApplicationTests does not declare any static, non-private, non-final, nested classes annotated with @Configuration.
19:57:30.475 [main] INFO org.springframework.boot.test.context.SpringBootTestContextBootstrapper -- Found @SpringBootConfiguration com.jt.expense_tracker.ExpenseTrackerApplication for test class com.jt.expense_tracker.ExpenseTrackerApplicationTests
19:57:31.132 [main] INFO org.springframework.test.context.support.AnnotationConfigContextLoaderUtils -- Could not detect default configuration classes for test class [com.jt.expense_tracker.ExpenseTrackerApplicationTests]: ExpenseTrackerApplicationTests does not declare any static, non-private, non-final, nested classes annotated with @Configuration.
19:57:31.134 [main] INFO org.springframework.boot.test.context.SpringBootTestContextBootstrapper -- Found @SpringBootConfiguration com.jt.expense_tracker.ExpenseTrackerApplication for test class com.jt.expense_tracker.ExpenseTrackerApplicationTests
19:57:31.780 [main] INFO org.springframework.boot.devtools.restart.RestartApplicationListener -- Restart disabled due to context in which it is running

  .   ____          _            __ _ _
 /\\ / ___'_ __ _ _(_)_ __  __ _ \ \ \ \
( ( )\___ | '_ | '_| | '_ \/ _` | \ \ \ \
 \\/  ___)| |_)| | | | | || (_| |  ) ) ) )
  '  |____| .__|_| |_|_| |_\__, | / / / /
 =========|_|==============|___/=/_/_/_/

 :: Spring Boot ::                (v4.1.1)

2026-09-04T19:57:32.583+05:30  INFO 25548 --- [expense-tracker] [           main] c.j.e.ExpenseTrackerApplicationTests     : Starting ExpenseTrackerApplicationTests using Java 21.0.11 with PID 25548 (started by KIIT in C:\Users\KIIT\Desktop\Folder 2026\Mission\Coding\SB_Aug_26\expense-tracker)
2026-09-04T19:57:32.591+05:30  INFO 25548 --- [expense-tracker] [           main] c.j.e.ExpenseTrackerApplicationTests     : No active profile set, falling back to 1 default profile: "default"
2026-09-04T19:57:33.970+05:30  INFO 25548 --- [expense-tracker] [           main] .s.d.r.c.RepositoryConfigurationDelegate : Bootstrapping Spring Data JDBC repositories in DEFAULT mode.
2026-09-04T19:57:34.034+05:30  INFO 25548 --- [expense-tracker] [           main] .s.d.r.c.RepositoryConfigurationDelegate : Finished Spring Data repository scanning in 56 ms. Found 0 JDBC repository interfaces.
2026-09-04T19:57:35.888+05:30  INFO 25548 --- [expense-tracker] [           main] com.zaxxer.hikari.HikariDataSource       : HikariPool-1 - Starting...
2026-09-04T19:57:36.986+05:30  INFO 25548 --- [expense-tracker] [           main] com.zaxxer.hikari.pool.HikariPool        : HikariPool-1 - Added connection com.mysql.cj.jdbc.ConnectionImpl@2c678c7b
2026-09-04T19:57:36.990+05:30  INFO 25548 --- [expense-tracker] [           main] com.zaxxer.hikari.HikariDataSource       : HikariPool-1 - Start completed.
2026-09-04T19:57:37.668+05:30  INFO 25548 --- [expense-tracker] [           main] c.j.e.ExpenseTrackerApplicationTests     : Started ExpenseTrackerApplicationTests in 5.97 seconds (process running for 11.251)
]]></system-out>
    <system-err><![CDATA[Mockito is currently self-attaching to enable the inline-mock-maker. This will no longer work in future releases of the JDK. Please add Mockito as an agent to your build as described in Mockito's documentation: https://javadoc.io/doc/org.mockito/mockito-core/latest/org.mockito/org/mockito/Mockito.html#0.3
WARNING: A Java agent has been loaded dynamically (C:\Users\KIIT\.m2\repository\net\bytebuddy\byte-buddy-agent\1.18.11\byte-buddy-agent-1.18.11.jar)
WARNING: If a serviceability tool is in use, please run with -XX:+EnableDynamicAgentLoading to hide this warning
WARNING: If a serviceability tool is not in use, please run with -Djdk.instrument.traceUsage for more information
WARNING: Dynamic loading of agents will be disallowed by default in a future release
]]></system-err>
  </testcase>
</testsuite>